Using pre-set license
Built from '2020.3/staging' branch; Version is '2020.3.20f1 (41c4e627c95f) revision 4310246'; Using compiler version '192528614'; Build Type 'Release'
OS: 'Windows 10 Home; OS build 19042.1288; Version 2009; 64bit' Language: 'en' Physical Memory: 16345 MB
BatchMode: 1, IsHumanControllingUs: 0, StartBugReporterOnCrash: 0, Is64bit: 1, IsPro: 0

COMMAND LINE ARGUMENTS:
C:\Program Files\Unity\Hub\Editor\2020.3.20f1\Editor\Unity.exe
-adb2
-batchMode
-noUpm
-name
AssetImportWorker0
-projectPath
D:/Users/takki/Documents/HeroGuildBattle
-logFile
Logs/AssetImportWorker0.log
-srvPort
50149
Successfully changed project path to: D:/Users/takki/Documents/HeroGuildBattle
D:/Users/takki/Documents/HeroGuildBattle
Using Asset Import Pipeline V2.
Refreshing native plugins compatible for Editor in 82.10 ms, found 2 plugins.
Preloading 0 native plugins for Editor in 0.00 ms.
Initialize engine version: 2020.3.20f1 (41c4e627c95f)
[Subsystems] Discovering subsystems at path C:/Program Files/Unity/Hub/Editor/2020.3.20f1/Editor/Data/Resources/UnitySubsystems
[Subsystems] Discovering subsystems at path D:/Users/takki/Documents/HeroGuildBattle/Assets
GfxDevice: creating device client; threaded=0
Direct3D:
    Version:  Direct3D 11.0 [level 11.1]
    Renderer: NVIDIA GeForce GTX 1060 6GB (ID=0x1c03)
    Vendor:   
    VRAM:     6052 MB
    Driver:   27.21.14.6140
Initialize mono
Mono path[0] = 'C:/Program Files/Unity/Hub/Editor/2020.3.20f1/Editor/Data/Managed'
Mono path[1] = 'C:/Program Files/Unity/Hub/Editor/2020.3.20f1/Editor/Data/MonoBleedingEdge/lib/mono/unityjit'
Mono config path = 'C:/Program Files/Unity/Hub/Editor/2020.3.20f1/Editor/Data/MonoBleedingEdge/etc'
Using monoOptions --debugger-agent=transport=dt_socket,embedding=1,server=y,suspend=n,address=127.0.0.1:56864
Begin MonoManager ReloadAssembly
Registering precompiled unity dll's ...
Register platform support module: C:/Program Files/Unity/Hub/Editor/2020.3.20f1/Editor/Data/PlaybackEngines/WebGLSupport/UnityEditor.WebGL.Extensions.dll
Register platform support module: C:/Program Files/Unity/Hub/Editor/2020.3.20f1/Editor/Data/PlaybackEngines/WindowsStandaloneSupport/UnityEditor.WindowsStandalone.Extensions.dll
Registered in 0.004834 seconds.
Native extension for WindowsStandalone target not found
Native extension for WebGL target not found
Refreshing native plugins compatible for Editor in 68.69 ms, found 2 plugins.
Preloading 0 native plugins for Editor in 0.00 ms.
Mono: successfully reloaded assembly
- Completed reload, in  2.599 seconds
Domain Reload Profiling:
	ReloadAssembly (2599ms)
		BeginReloadAssembly (76ms)
			ExecutionOrderSort (0ms)
			DisableScriptedObjects (0ms)
			BackupInstance (0ms)
			ReleaseScriptingObjects (0ms)
			CreateAndSetChildDomain (1ms)
		EndReloadAssembly (580ms)
			LoadAssemblies (73ms)
			RebuildTransferFunctionScriptingTraits (0ms)
			SetupTypeCache (201ms)
			ReleaseScriptCaches (0ms)
			RebuildScriptCaches (40ms)
			SetupLoadedEditorAssemblies (240ms)
				LogAssemblyErrors (0ms)
				InitializePlatformSupportModulesInManaged (7ms)
				SetLoadedEditorAssemblies (0ms)
				RefreshPlugins (69ms)
				BeforeProcessingInitializeOnLoad (22ms)
				ProcessInitializeOnLoadAttributes (101ms)
				ProcessInitializeOnLoadMethodAttributes (41ms)
				AfterProcessingInitializeOnLoad (0ms)
				EditorAssembliesLoaded (1ms)
			ExecutionOrderSort2 (0ms)
			AwakeInstancesAfterBackupRestoration (0ms)
Platform modules already initialized, skipping
Registering precompiled user dll's ...
Registered in 0.015429 seconds.
Begin MonoManager ReloadAssembly
Native extension for WindowsStandalone target not found
Native extension for WebGL target not found
Refreshing native plugins compatible for Editor in 0.95 ms, found 2 plugins.
Preloading 0 native plugins for Editor in 0.00 ms.
Find all reader and writers took 150 milliseconds
Script Module: UnityEngine.UI.dll
Weave sync objects took 7 milliseconds
Weave behaviours and messages took25 milliseconds
Find all reader and writers took 131 milliseconds
Script Module: UnityEngine.TestRunner.dll
Weave sync objects took 8 milliseconds
Weave behaviours and messages took10 milliseconds
Find all reader and writers took 138 milliseconds
Script Module: UnityEngine.XR.LegacyInputHelpers.dll
Weave sync objects took 5 milliseconds
Weave behaviours and messages took6 milliseconds
Find all reader and writers took 128 milliseconds
Script Module: Unity.Timeline.dll
Weave sync objects took 5 milliseconds
Weave behaviours and messages took6 milliseconds
Find all reader and writers took 127 milliseconds
Script Module: UnityEngine.Purchasing.WinRTCore.dll
Weave sync objects took 0 milliseconds
Weave behaviours and messages took0 milliseconds
Find all reader and writers took 130 milliseconds
Script Module: Mirror.Examples.dll
Weave sync objects took 6 milliseconds
[MessageBase] MessageClassProcessor Start
[MessageBase]   GenerateSerialization
[MessageBase]   GenerateDeserialization
[MessageBase] MessageClassProcessor Done
[CreatePlayerMessage] MessageClassProcessor Start
[CreatePlayerMessage]   GenerateSerialization
[CreatePlayerMessage]   GenerateDeserialization
[CreatePlayerMessage] MessageClassProcessor Done
Weave behaviours and messages took26 milliseconds
  ProcessSitesModule Mirror.Examples.dll elapsed time:00:00:00.0199994
Find all reader and writers took 169 milliseconds
Script Module: UnityEngine.Monetization.dll
Weave sync objects took 10 milliseconds
Weave behaviours and messages took10 milliseconds
Find all reader and writers took 127 milliseconds
Script Module: UnityEngine.Purchasing.Stores.dll
Weave sync objects took 7 milliseconds
Weave behaviours and messages took8 milliseconds
Find all reader and writers took 129 milliseconds
Script Module: Mirror.Components.dll
Weave sync objects took 6 milliseconds
[NetworkVisibility] Found NetworkBehaviour Mirror.NetworkVisibility
[NetworkVisibility] NetworkBehaviourProcessor
[NetworkVisibility] Process Start
[NetworkVisibility]   GenerateSerialization
[NetworkVisibility]   GenerateDeSerialization
[NetworkVisibility] Process Done
[MessageBase] MessageClassProcessor Start
[MessageBase]   GenerateSerialization
[MessageBase]   GenerateDeserialization
[MessageBase] MessageClassProcessor Done
[ServerRequest] MessageClassProcessor Start
[ServerRequest]   GenerateSerialization
[ServerRequest]   GenerateDeserialization
[ServerRequest] MessageClassProcessor Done
[MessageBase] MessageClassProcessor Start
[MessageBase]   GenerateSerialization
[MessageBase]   GenerateDeserialization
[MessageBase] MessageClassProcessor Done
[ServerResponse] MessageClassProcessor Start
[ServerResponse]   GenerateSerialization
[ServerResponse]   GenerateDeserialization
[ServerResponse] MessageClassProcessor Done
Weave behaviours and messages took16 milliseconds
  ProcessSitesModule Mirror.Components.dll elapsed time:00:00:00.0120014
Find all reader and writers took 129 milliseconds
Script Module: UnityEngine.Purchasing.SecurityCore.dll
Weave sync objects took 0 milliseconds
Weave behaviours and messages took0 milliseconds
Find all reader and writers took 127 milliseconds
Script Module: Unity.TextMeshPro.dll
Weave sync objects took 21 milliseconds
Weave behaviours and messages took27 milliseconds
Find all reader and writers took 121 milliseconds
Script Module: UnityEngine.Purchasing.AppleCore.dll
Weave sync objects took 0 milliseconds
Weave behaviours and messages took0 milliseconds
Find all reader and writers took 122 milliseconds
Script Module: UnityEngine.Purchasing.dll
Weave sync objects took 0 milliseconds
Weave behaviours and messages took0 milliseconds
Find all reader and writers took 125 milliseconds
Script Module: UnityEngine.Advertisements.dll
Weave sync objects took 6 milliseconds
Weave behaviours and messages took6 milliseconds
Find all reader and writers took 121 milliseconds
Script Module: com.unity.multiplayer-hlapi.Runtime.dll
Weave sync objects took 5 milliseconds
Weave behaviours and messages took11 milliseconds
Find all reader and writers took 122 milliseconds
Script Module: Ninja.WebSockets.dll
Weave sync objects took 0 milliseconds
Weave behaviours and messages took0 milliseconds
Find all reader and writers took 125 milliseconds
Script Module: UnityEngine.Purchasing.SecurityStub.dll
Weave sync objects took 0 milliseconds
Weave behaviours and messages took0 milliseconds
Find all reader and writers took 122 milliseconds
Script Module: Purchasing.Common.dll
Weave sync objects took 0 milliseconds
Weave behaviours and messages took0 milliseconds
Find all reader and writers took 122 milliseconds
Script Module: Mirror.Authenticators.dll
Weave sync objects took 5 milliseconds
[MessageBase] MessageClassProcessor Start
[MessageBase]   GenerateSerialization
[MessageBase]   GenerateDeserialization
[MessageBase] MessageClassProcessor Done
[AuthRequestMessage] MessageClassProcessor Start
[AuthRequestMessage]   GenerateSerialization
[AuthRequestMessage]   GenerateDeserialization
[AuthRequestMessage] MessageClassProcessor Done
[MessageBase] MessageClassProcessor Start
[MessageBase]   GenerateSerialization
[MessageBase]   GenerateDeserialization
[MessageBase] MessageClassProcessor Done
[AuthResponseMessage] MessageClassProcessor Start
[AuthResponseMessage]   GenerateSerialization
[AuthResponseMessage]   GenerateDeserialization
[AuthResponseMessage] MessageClassProcessor Done
Weave behaviours and messages took6 milliseconds
  ProcessSitesModule Mirror.Authenticators.dll elapsed time:00:00:00.0005001
Find all reader and writers took 124 milliseconds
Script Module: UnityEngine.Purchasing.Codeless.dll
Weave sync objects took 5 milliseconds
Weave behaviours and messages took6 milliseconds
Find all reader and writers took 124 milliseconds
Script Module: Mirror.Examples.Cloud.GUI.dll
Weave sync objects took 6 milliseconds
Weave behaviours and messages took8 milliseconds
Find all reader and writers took 128 milliseconds
Script Module: Mirror.Cloud.dll
Weave sync objects took 16 milliseconds
Weave behaviours and messages took16 milliseconds
Find all reader and writers took 126 milliseconds
Script Module: UnityEngine.Purchasing.WinRTStub.dll
Weave sync objects took 0 milliseconds
Weave behaviours and messages took0 milliseconds
Find all reader and writers took 122 milliseconds
Script Module: UnityEngine.Purchasing.AppleStub.dll
Weave sync objects took 0 milliseconds
Weave behaviours and messages took0 milliseconds
Find all reader and writers took 121 milliseconds
Script Module: UnityEngine.Purchasing.AppleMacosStub.dll
Weave sync objects took 0 milliseconds
Weave behaviours and messages took0 milliseconds
Find all reader and writers took 120 milliseconds
Script Module: Mirror.Examples.Cloud.Pong.dll
Weave sync objects took 6 milliseconds
Weave behaviours and messages took6 milliseconds
Find all reader and writers took 129 milliseconds
Script Module: UnityEngine.SpatialTracking.dll
Weave sync objects took 10 milliseconds
Weave behaviours and messages took11 milliseconds
Find all reader and writers took 121 milliseconds
Script Module: Mirror.example.RigidbodyPhysics.dll
Weave sync objects took 6 milliseconds
Weave behaviours and messages took6 milliseconds
Find all reader and writers took 122 milliseconds
Script Module: Unity.Analytics.DataPrivacy.dll
Weave sync objects took 5 milliseconds
Weave behaviours and messages took6 milliseconds
Find all reader and writers took 123 milliseconds
Script Module: UnityEditor.TestRunner.dll
Weave sync objects took 31 milliseconds
Weave behaviours and messages took32 milliseconds
Find all reader and writers took 133 milliseconds
Script Module: UnityEditor.UI.dll
Weave sync objects took 12 milliseconds
Weave behaviours and messages took13 milliseconds
Find all reader and writers took 121 milliseconds
Script Module: UnityEditor.Purchasing.dll
Weave sync objects took 17 milliseconds
Weave behaviours and messages took17 milliseconds
Find all reader and writers took 127 milliseconds
Script Module: UnityEditor.XR.LegacyInputHelpers.dll
Weave sync objects took 15 milliseconds
Weave behaviours and messages took16 milliseconds
Find all reader and writers took 120 milliseconds
Script Module: Mirror.CompilerSymbols.dll
Weave sync objects took 0 milliseconds
Weave behaviours and messages took0 milliseconds
Find all reader and writers took 121 milliseconds
Script Module: UnityEditor.SpatialTracking.dll
Weave sync objects took 12 milliseconds
Weave behaviours and messages took13 milliseconds
Find all reader and writers took 122 milliseconds
Script Module: Analytics.dll
Weave sync objects took 0 milliseconds
Weave behaviours and messages took0 milliseconds
Mono: successfully reloaded assembly
- Completed reload, in 13.798 seconds
Domain Reload Profiling:
	ReloadAssembly (13800ms)
		BeginReloadAssembly (197ms)
			ExecutionOrderSort (0ms)
			DisableScriptedObjects (6ms)
			BackupInstance (0ms)
			ReleaseScriptingObjects (0ms)
			CreateAndSetChildDomain (23ms)
		EndReloadAssembly (13516ms)
			LoadAssemblies (159ms)
			RebuildTransferFunctionScriptingTraits (0ms)
			SetupTypeCache (406ms)
			ReleaseScriptCaches (1ms)
			RebuildScriptCaches (69ms)
			SetupLoadedEditorAssemblies (12749ms)
				LogAssemblyErrors (0ms)
				InitializePlatformSupportModulesInManaged (11ms)
				SetLoadedEditorAssemblies (1ms)
				RefreshPlugins (1ms)
				BeforeProcessingInitializeOnLoad (128ms)
				ProcessInitializeOnLoadAttributes (291ms)
				ProcessInitializeOnLoadMethodAttributes (12306ms)
				AfterProcessingInitializeOnLoad (12ms)
				EditorAssembliesLoaded (0ms)
			ExecutionOrderSort2 (0ms)
			AwakeInstancesAfterBackupRestoration (9ms)
Platform modules already initialized, skipping
========================================================================
Worker process is ready to serve import requests
Launched and connected shader compiler UnityShaderCompiler.exe after 0.08 seconds
Refreshing native plugins compatible for Editor in 0.88 ms, found 2 plugins.
Preloading 0 native plugins for Editor in 0.00 ms.
Unloading 2324 Unused Serialized files (Serialized files now loaded: 0)
System memory in use before: 92.5 MB.
System memory in use after: 92.7 MB.

Unloading 65 unused Assets to reduce memory usage. Loaded Objects now: 2723.
Total: 12.036300 ms (FindLiveObjects: 0.301900 ms CreateObjectMapping: 0.115000 ms MarkObjects: 11.512300 ms  DeleteObjects: 0.105300 ms)

AssetImportParameters requested are different than current active one (requested -> active):
  custom:framework-win-MediaFoundation: 216162199b28c13a410421893ffa2e32 -> 
  custom:video-decoder-ogg-theora: a1e56fd34408186e4bbccfd4996cb3dc -> 
  custom:container-muxer-webm: aa71ff27fc2769a1b78a27578f13a17b -> 
  custom:container-demuxer-webm: 4f35f7cbe854078d1ac9338744f61a02 -> 
  custom:container-demuxer-ogg: 62fdf1f143b41e24485cea50d1cbac27 -> 
  custom:video-encoder-webm-vp8: eb34c28f22e8b96e1ab97ce403110664 -> 
  custom:video-decoder-webm-vp8: 9c59270c3fd7afecdb556c50c9e8de78 -> 
  custom:audio-decoder-ogg-vorbis: bf7c407c2cedff20999df2af8eb42d56 -> 
  custom:audio-encoder-webm-vorbis: bf7c407c2cedff20999df2af8eb42d56 -> 
========================================================================
Received Import Request.
  path: Assets/Prefabs
  artifactKey: Guid(dc082497c5a31f04987639f3a73457c6) Importer(815301076,1909f56bfc062723c751e8b465ee728b)
Start importing Assets/Prefabs using Guid(dc082497c5a31f04987639f3a73457c6) Importer(815301076,1909f56bfc062723c751e8b465ee728b)  -> (artifact id: 'ca8f43cfa08bf98a0b7aff30769aa616') in 0.012202 seconds 
  Import took 0.017591 seconds .

