Using pre-set license
Built from '2020.3/staging' branch; Version is '2020.3.4f1 (0abb6314276a) revision 703331'; Using compiler version '192528614'; Build Type 'Release'
OS: 'Windows 10 Home; OS build 19042.1052; Version 2009; 64bit' Language: 'en' Physical Memory: 16345 MB
BatchMode: 1, IsHumanControllingUs: 0, StartBugReporterOnCrash: 0, Is64bit: 1, IsPro: 0

 COMMAND LINE ARGUMENTS:
C:\Program Files\Unity\Hub\Editor\2020.3.4f1\Editor\Unity.exe
-adb2
-batchMode
-noUpm
-name
AssetImportWorker0
-projectPath
D:/Users/takki/Documents/HeroGuildBattle
-logFile
Logs/AssetImportWorker0.log
-srvPort
56647
Successfully changed project path to: D:/Users/takki/Documents/HeroGuildBattle
D:/Users/takki/Documents/HeroGuildBattle
Using Asset Import Pipeline V2.
Refreshing native plugins compatible for Editor in 61.61 ms, found 0 plugins.
Preloading 0 native plugins for Editor in 0.00 ms.
Initialize engine version: 2020.3.4f1 (0abb6314276a)
[Subsystems] Discovering subsystems at path C:/Program Files/Unity/Hub/Editor/2020.3.4f1/Editor/Data/Resources/UnitySubsystems
[Subsystems] Discovering subsystems at path D:/Users/takki/Documents/HeroGuildBattle/Assets
GfxDevice: creating device client; threaded=0
Direct3D:
    Version:  Direct3D 11.0 [level 11.1]
    Renderer: NVIDIA GeForce GTX 1060 6GB (ID=0x1c03)
    Vendor:   
    VRAM:     6052 MB
    Driver:   27.21.14.6140
Initialize mono
Mono path[0] = 'C:/Program Files/Unity/Hub/Editor/2020.3.4f1/Editor/Data/Managed'
Mono path[1] = 'C:/Program Files/Unity/Hub/Editor/2020.3.4f1/Editor/Data/MonoBleedingEdge/lib/mono/unityjit'
Mono config path = 'C:/Program Files/Unity/Hub/Editor/2020.3.4f1/Editor/Data/MonoBleedingEdge/etc'
Using monoOptions --debugger-agent=transport=dt_socket,embedding=1,server=y,suspend=n,address=127.0.0.1:56652
Begin MonoManager ReloadAssembly
Registering precompiled unity dll's ...
Register platform support module: C:/Program Files/Unity/Hub/Editor/2020.3.4f1/Editor/Data/PlaybackEngines/WebGLSupport/UnityEditor.WebGL.Extensions.dll
Register platform support module: C:/Program Files/Unity/Hub/Editor/2020.3.4f1/Editor/Data/PlaybackEngines/MacStandaloneSupport/UnityEditor.OSXStandalone.Extensions.dll
Register platform support module: C:/Program Files/Unity/Hub/Editor/2020.3.4f1/Editor/Data/PlaybackEngines/WindowsStandaloneSupport/UnityEditor.WindowsStandalone.Extensions.dll
Register platform support module: C:/Program Files/Unity/Hub/Editor/2020.3.4f1/Editor/Data/PlaybackEngines/LinuxStandaloneSupport/UnityEditor.LinuxStandalone.Extensions.dll
Registered in 0.006000 seconds.
Native extension for LinuxStandalone target not found
Native extension for WindowsStandalone target not found
Native extension for OSXStandalone target not found
Native extension for WebGL target not found
Refreshing native plugins compatible for Editor in 55.76 ms, found 0 plugins.
Preloading 0 native plugins for Editor in 0.00 ms.
Mono: successfully reloaded assembly
- Completed reload, in  2.806 seconds
Platform modules already initialized, skipping
Registering precompiled user dll's ...
Registered in 0.007773 seconds.
Begin MonoManager ReloadAssembly
Native extension for LinuxStandalone target not found
Native extension for WindowsStandalone target not found
Native extension for OSXStandalone target not found
Native extension for WebGL target not found
Refreshing native plugins compatible for Editor in 0.62 ms, found 0 plugins.
Preloading 0 native plugins for Editor in 0.00 ms.
Find all reader and writers took 138 milliseconds
Script Module: UnityEngine.UI.dll
Weave sync objects took 8 milliseconds
Weave behaviours and messages took30 milliseconds
Find all reader and writers took 107 milliseconds
Script Module: UnityEngine.TestRunner.dll
Weave sync objects took 8 milliseconds
Weave behaviours and messages took10 milliseconds
Find all reader and writers took 109 milliseconds
Script Module: UnityEngine.XR.LegacyInputHelpers.dll
Weave sync objects took 9 milliseconds
Weave behaviours and messages took10 milliseconds
Find all reader and writers took 99 milliseconds
Script Module: Unity.Timeline.dll
Weave sync objects took 8 milliseconds
Weave behaviours and messages took9 milliseconds
Find all reader and writers took 103 milliseconds
Script Module: Mirror.Examples.dll
Weave sync objects took 11 milliseconds
[MessageBase] MessageClassProcessor Start
[MessageBase]   GenerateSerialization
[MessageBase]   GenerateDeserialization
[MessageBase] MessageClassProcessor Done
[CreatePlayerMessage] MessageClassProcessor Start
[CreatePlayerMessage]   GenerateSerialization
[CreatePlayerMessage]   GenerateDeserialization
[CreatePlayerMessage] MessageClassProcessor Done
Weave behaviours and messages took32 milliseconds
  ProcessSitesModule Mirror.Examples.dll elapsed time:00:00:00.0284986
Find all reader and writers took 126 milliseconds
Script Module: UnityEngine.Monetization.dll
Weave sync objects took 9 milliseconds
Weave behaviours and messages took9 milliseconds
Find all reader and writers took 123 milliseconds
Script Module: Mirror.Components.dll
Weave sync objects took 7 milliseconds
[NetworkVisibility] Found NetworkBehaviour Mirror.NetworkVisibility
[NetworkVisibility] NetworkBehaviourProcessor
[NetworkVisibility] Process Start
[NetworkVisibility]   GenerateSerialization
[NetworkVisibility]   GenerateDeSerialization
[NetworkVisibility] Process Done
[MessageBase] MessageClassProcessor Start
[MessageBase]   GenerateSerialization
[MessageBase]   GenerateDeserialization
[MessageBase] MessageClassProcessor Done
[ServerRequest] MessageClassProcessor Start
[ServerRequest]   GenerateSerialization
[ServerRequest]   GenerateDeserialization
[ServerRequest] MessageClassProcessor Done
[MessageBase] MessageClassProcessor Start
[MessageBase]   GenerateSerialization
[MessageBase]   GenerateDeserialization
[MessageBase] MessageClassProcessor Done
[ServerResponse] MessageClassProcessor Start
[ServerResponse]   GenerateSerialization
[ServerResponse]   GenerateDeserialization
[ServerResponse] MessageClassProcessor Done
Weave behaviours and messages took21 milliseconds
  ProcessSitesModule Mirror.Components.dll elapsed time:00:00:00.0220000
Find all reader and writers took 117 milliseconds
Script Module: Unity.TextMeshPro.dll
Weave sync objects took 22 milliseconds
Weave behaviours and messages took29 milliseconds
Find all reader and writers took 134 milliseconds
Script Module: UnityEngine.Purchasing.dll
Weave sync objects took 0 milliseconds
Weave behaviours and messages took0 milliseconds
Find all reader and writers took 145 milliseconds
Script Module: UnityEngine.Advertisements.dll
Weave sync objects took 7 milliseconds
Weave behaviours and messages took9 milliseconds
Find all reader and writers took 111 milliseconds
Script Module: com.unity.multiplayer-hlapi.Runtime.dll
Weave sync objects took 9 milliseconds
Weave behaviours and messages took17 milliseconds
Find all reader and writers took 101 milliseconds
Script Module: Ninja.WebSockets.dll
Weave sync objects took 0 milliseconds
Weave behaviours and messages took0 milliseconds
Find all reader and writers took 97 milliseconds
Script Module: Mirror.Authenticators.dll
Weave sync objects took 6 milliseconds
[MessageBase] MessageClassProcessor Start
[MessageBase]   GenerateSerialization
[MessageBase]   GenerateDeserialization
[MessageBase] MessageClassProcessor Done
[AuthRequestMessage] MessageClassProcessor Start
[AuthRequestMessage]   GenerateSerialization
[AuthRequestMessage]   GenerateDeserialization
[AuthRequestMessage] MessageClassProcessor Done
[MessageBase] MessageClassProcessor Start
[MessageBase]   GenerateSerialization
[MessageBase]   GenerateDeserialization
[MessageBase] MessageClassProcessor Done
[AuthResponseMessage] MessageClassProcessor Start
[AuthResponseMessage]   GenerateSerialization
[AuthResponseMessage]   GenerateDeserialization
[AuthResponseMessage] MessageClassProcessor Done
Weave behaviours and messages took7 milliseconds
  ProcessSitesModule Mirror.Authenticators.dll elapsed time:00:00:00.0014991
Find all reader and writers took 102 milliseconds
Script Module: Mirror.Examples.Cloud.GUI.dll
Weave sync objects took 9 milliseconds
Weave behaviours and messages took12 milliseconds
Find all reader and writers took 102 milliseconds
Script Module: Mirror.Cloud.dll
Weave sync objects took 8 milliseconds
Weave behaviours and messages took9 milliseconds
Find all reader and writers took 111 milliseconds
Script Module: Assembly-CSharp.dll
Weave sync objects took 9 milliseconds
Weave behaviours and messages took10 milliseconds
Find all reader and writers took 109 milliseconds
Script Module: Mirror.Examples.Cloud.Pong.dll
Weave sync objects took 11 milliseconds
Weave behaviours and messages took11 milliseconds
Find all reader and writers took 107 milliseconds
Script Module: UnityEngine.SpatialTracking.dll
Weave sync objects took 8 milliseconds
Weave behaviours and messages took8 milliseconds
Find all reader and writers took 101 milliseconds
Script Module: Mirror.example.RigidbodyPhysics.dll
Weave sync objects took 10 milliseconds
Weave behaviours and messages took10 milliseconds
Find all reader and writers took 95 milliseconds
Script Module: Unity.Analytics.DataPrivacy.dll
Weave sync objects took 9 milliseconds
Weave behaviours and messages took10 milliseconds
Find all reader and writers took 97 milliseconds
Script Module: UnityEditor.TestRunner.dll
Weave sync objects took 24 milliseconds
Weave behaviours and messages took25 milliseconds
Find all reader and writers took 102 milliseconds
Script Module: UnityEditor.UI.dll
Weave sync objects took 24 milliseconds
Weave behaviours and messages took24 milliseconds
Find all reader and writers took 101 milliseconds
Script Module: UnityEditor.XR.LegacyInputHelpers.dll
Weave sync objects took 22 milliseconds
Weave behaviours and messages took22 milliseconds
Find all reader and writers took 101 milliseconds
Script Module: Mirror.CompilerSymbols.dll
Weave sync objects took 0 milliseconds
Weave behaviours and messages took0 milliseconds
Find all reader and writers took 103 milliseconds
Script Module: UnityEditor.SpatialTracking.dll
Weave sync objects took 19 milliseconds
Weave behaviours and messages took20 milliseconds
Find all reader and writers took 103 milliseconds
Script Module: UnityEditor.Purchasing.dll
Weave sync objects took 12 milliseconds
Weave behaviours and messages took13 milliseconds
Find all reader and writers took 103 milliseconds
Script Module: Analytics.dll
Weave sync objects took 0 milliseconds
Weave behaviours and messages took0 milliseconds
Mono: successfully reloaded assembly
- Completed reload, in  9.996 seconds
Platform modules already initialized, skipping
========================================================================
Worker process is ready to serve import requests
Launched and connected shader compiler UnityShaderCompiler.exe after 0.05 seconds
Refreshing native plugins compatible for Editor in 0.59 ms, found 0 plugins.
Preloading 0 native plugins for Editor in 0.00 ms.
Unloading 1776 Unused Serialized files (Serialized files now loaded: 0)
System memory in use before: 77.5 MB.
System memory in use after: 77.6 MB.

Unloading 42 unused Assets to reduce memory usage. Loaded Objects now: 2199.
Total: 5.789600 ms (FindLiveObjects: 0.192700 ms CreateObjectMapping: 0.073900 ms MarkObjects: 5.421400 ms  DeleteObjects: 0.099900 ms)

========================================================================
Received Prepare
Registering precompiled user dll's ...
Registered in 0.008389 seconds.
Begin MonoManager ReloadAssembly
Native extension for LinuxStandalone target not found
Native extension for WindowsStandalone target not found
Native extension for OSXStandalone target not found
Native extension for WebGL target not found
Refreshing native plugins compatible for Editor in 0.62 ms, found 0 plugins.
Preloading 0 native plugins for Editor in 0.00 ms.
Mono: successfully reloaded assembly
- Completed reload, in  1.234 seconds
Platform modules already initialized, skipping
Refreshing native plugins compatible for Editor in 0.62 ms, found 0 plugins.
Preloading 0 native plugins for Editor in 0.00 ms.
Unloading 1771 Unused Serialized files (Serialized files now loaded: 0)
System memory in use before: 77.6 MB.
System memory in use after: 77.7 MB.

Unloading 33 unused Assets to reduce memory usage. Loaded Objects now: 2202.
Total: 2.021500 ms (FindLiveObjects: 0.206700 ms CreateObjectMapping: 0.074200 ms MarkObjects: 1.697900 ms  DeleteObjects: 0.041300 ms)

AssetImportWorkerClient::OnTransportError - code=2 error=End of file
